Sent INIT (seq=1, unit=celsius)
Sent INIT (seq=1, unit=fahrenheit)
Sent INIT (seq=1, unit=kelvin)
Sent INIT (seq=1, unit=percent)
Sent INIT (seq=1, unit=volts)
Sent INIT (seq=1, unit=amps)
Sent INIT (seq=1, unit=watts)
Sent INIT (seq=1, unit=meters)
Sent INIT (seq=1, unit=liters)
Sent INIT (seq=1, unit=grams)
Sent INIT (seq=1, unit=pascal)
Sent INIT (seq=1, unit=hertz)
Starting test for intervals [5] (50s each)...

--- Running 5s interval for 50 seconds ---
Sent DATA seq=2, interval=5s, readings=['20.0', '20.1', '20.2', '20.3', '20.4', '20.5', '20.6', '20.7', '20.8', '20.9']
Sent DATA seq=2, interval=5s, readings=['30.0', '30.1', '30.2', '30.3', '30.4', '30.5', '30.6', '30.7', '30.8', '30.9']
Sent DATA seq=2, interval=5s, readings=['40.0', '40.1', '40.2', '40.3', '40.4', '40.5', '40.6', '40.7', '40.8', '40.9']
Sent DATA seq=2, interval=5s, readings=['50.0', '50.1', '50.2', '50.3', '50.4', '50.5', '50.6', '50.7', '50.8', '50.9']
Sent DATA seq=2, interval=5s, readings=['10.0', '10.1', '10.2', '10.3', '10.4', '10.5', '10.6', '10.7', '10.8', '10.9']
Sent DATA seq=2, interval=5s, readings=['1.0', '1.1', '1.2', '1.3', '1.4', '1.5', '1.6', '1.7', '1.8', '1.9']
Sent DATA seq=2, interval=5s, readings=['100.0', '100.1', '100.2', '100.3', '100.4', '100.5', '100.6', '100.7', '100.8', '100.9']
Sent DATA seq=2, interval=5s, readings=['5.0', '5.1', '5.2', '5.3', '5.4', '5.5', '5.6', '5.7', '5.8', '5.9']
Sent DATA seq=2, interval=5s, readings=['10.0', '10.1', '10.2', '10.3', '10.4', '10.5', '10.6', '10.7', '10.8', '10.9']
Sent DATA seq=2, interval=5s, readings=['200.0', '200.1', '200.2', '200.3', '200.4', '200.5', '200.6', '200.7', '200.8', '200.9']
Sent DATA seq=2, interval=5s, readings=['1000.0', '1000.1', '1000.2', '1000.3', '1000.4', '1000.5', '1000.6', '1000.7', '1000.8', '1000.9']
Sent DATA seq=2, interval=5s, readings=['50.0', '50.1', '50.2', '50.3', '50.4', '50.5', '50.6', '50.7', '50.8', '50.9']
Sent DATA seq=3, interval=5s, readings=['21.0', '21.1', '21.2', '21.3', '21.4', '21.5', '21.6', '21.7', '21.8', '21.9']
Sent DATA seq=3, interval=5s, readings=['31.0', '31.1', '31.2', '31.3', '31.4', '31.5', '31.6', '31.7', '31.8', '31.9']
Sent DATA seq=3, interval=5s, readings=['41.0', '41.1', '41.2', '41.3', '41.4', '41.5', '41.6', '41.7', '41.8', '41.9']
Sent DATA seq=3, interval=5s, readings=['51.0', '51.1', '51.2', '51.3', '51.4', '51.5', '51.6', '51.7', '51.8', '51.9']
Sent DATA seq=3, interval=5s, readings=['11.0', '11.1', '11.2', '11.3', '11.4', '11.5', '11.6', '11.7', '11.8', '11.9']
Sent DATA seq=3, interval=5s, readings=['2.0', '2.1', '2.2', '2.3', '2.4', '2.5', '2.6', '2.7', '2.8', '2.9']
Sent DATA seq=3, interval=5s, readings=['101.0', '101.1', '101.2', '101.3', '101.4', '101.5', '101.6', '101.7', '101.8', '101.9']
Sent DATA seq=3, interval=5s, readings=['6.0', '6.1', '6.2', '6.3', '6.4', '6.5', '6.6', '6.7', '6.8', '6.9']
Sent DATA seq=3, interval=5s, readings=['11.0', '11.1', '11.2', '11.3', '11.4', '11.5', '11.6', '11.7', '11.8', '11.9']
Sent DATA seq=3, interval=5s, readings=['201.0', '201.1', '201.2', '201.3', '201.4', '201.5', '201.6', '201.7', '201.8', '201.9']
Sent DATA seq=3, interval=5s, readings=['1001.0', '1001.1', '1001.2', '1001.3', '1001.4', '1001.5', '1001.6', '1001.7', '1001.8', '1001.9']
Sent DATA seq=3, interval=5s, readings=['51.0', '51.1', '51.2', '51.3', '51.4', '51.5', '51.6', '51.7', '51.8', '51.9']
Sent DATA seq=4, interval=5s, readings=['22.0', '22.1', '22.2', '22.3', '22.4', '22.5', '22.6', '22.7', '22.8', '22.9']
Sent HEARTBEAT for Device 1 (seq=5)
Sent HEARTBEAT for Device 2 (seq=4)
Sent HEARTBEAT for Device 3 (seq=4)
Sent HEARTBEAT for Device 4 (seq=4)
Sent HEARTBEAT for Device 5 (seq=4)
Sent HEARTBEAT for Device 6 (seq=4)
Sent HEARTBEAT for Device 7 (seq=4)
Sent HEARTBEAT for Device 8 (seq=4)
Sent HEARTBEAT for Device 9 (seq=4)
Sent HEARTBEAT for Device 10 (seq=4)
Sent HEARTBEAT for Device 11 (seq=4)
Sent HEARTBEAT for Device 12 (seq=4)
Sent DATA seq=4, interval=5s, readings=['32.0', '32.1', '32.2', '32.3', '32.4', '32.5', '32.6', '32.7', '32.8', '32.9']
Sent DATA seq=4, interval=5s, readings=['42.0', '42.1', '42.2', '42.3', '42.4', '42.5', '42.6', '42.7', '42.8', '42.9']
Sent DATA seq=4, interval=5s, readings=['52.0', '52.1', '52.2', '52.3', '52.4', '52.5', '52.6', '52.7', '52.8', '52.9']
Sent DATA seq=4, interval=5s, readings=['12.0', '12.1', '12.2', '12.3', '12.4', '12.5', '12.6', '12.7', '12.8', '12.9']
Sent DATA seq=4, interval=5s, readings=['3.0', '3.1', '3.2', '3.3', '3.4', '3.5', '3.6', '3.7', '3.8', '3.9']
Sent DATA seq=4, interval=5s, readings=['102.0', '102.1', '102.2', '102.3', '102.4', '102.5', '102.6', '102.7', '102.8', '102.9']
Sent DATA seq=4, interval=5s, readings=['7.0', '7.1', '7.2', '7.3', '7.4', '7.5', '7.6', '7.7', '7.8', '7.9']
Sent DATA seq=4, interval=5s, readings=['12.0', '12.1', '12.2', '12.3', '12.4', '12.5', '12.6', '12.7', '12.8', '12.9']
Sent DATA seq=4, interval=5s, readings=['202.0', '202.1', '202.2', '202.3', '202.4', '202.5', '202.6', '202.7', '202.8', '202.9']
Sent DATA seq=4, interval=5s, readings=['1002.0', '1002.1', '1002.2', '1002.3', '1002.4', '1002.5', '1002.6', '1002.7', '1002.8', '1002.9']
Sent DATA seq=4, interval=5s, readings=['52.0', '52.1', '52.2', '52.3', '52.4', '52.5', '52.6', '52.7', '52.8', '52.9']
Sent DATA seq=5, interval=5s, readings=['23.0', '23.1', '23.2', '23.3', '23.4', '23.5', '23.6', '23.7', '23.8', '23.9']
Sent DATA seq=5, interval=5s, readings=['33.0', '33.1', '33.2', '33.3', '33.4', '33.5', '33.6', '33.7', '33.8', '33.9']
Sent DATA seq=5, interval=5s, readings=['43.0', '43.1', '43.2', '43.3', '43.4', '43.5', '43.6', '43.7', '43.8', '43.9']
Sent DATA seq=5, interval=5s, readings=['53.0', '53.1', '53.2', '53.3', '53.4', '53.5', '53.6', '53.7', '53.8', '53.9']
Sent DATA seq=5, interval=5s, readings=['13.0', '13.1', '13.2', '13.3', '13.4', '13.5', '13.6', '13.7', '13.8', '13.9']
Sent DATA seq=5, interval=5s, readings=['4.0', '4.1', '4.2', '4.3', '4.4', '4.5', '4.6', '4.7', '4.8', '4.9']
Sent DATA seq=5, interval=5s, readings=['103.0', '103.1', '103.2', '103.3', '103.4', '103.5', '103.6', '103.7', '103.8', '103.9']
Sent DATA seq=5, interval=5s, readings=['8.0', '8.1', '8.2', '8.3', '8.4', '8.5', '8.6', '8.7', '8.8', '8.9']
Sent DATA seq=5, interval=5s, readings=['13.0', '13.1', '13.2', '13.3', '13.4', '13.5', '13.6', '13.7', '13.8', '13.9']
Sent DATA seq=5, interval=5s, readings=['203.0', '203.1', '203.2', '203.3', '203.4', '203.5', '203.6', '203.7', '203.8', '203.9']
Sent DATA seq=5, interval=5s, readings=['1003.0', '1003.1', '1003.2', '1003.3', '1003.4', '1003.5', '1003.6', '1003.7', '1003.8', '1003.9']
Sent DATA seq=5, interval=5s, readings=['53.0', '53.1', '53.2', '53.3', '53.4', '53.5', '53.6', '53.7', '53.8', '53.9']
Sent DATA seq=6, interval=5s, readings=['24.0', '24.1', '24.2', '24.3', '24.4', '24.5', '24.6', '24.7', '24.8', '24.9']
Sent HEARTBEAT for Device 1 (seq=7)
Sent HEARTBEAT for Device 2 (seq=6)
Sent HEARTBEAT for Device 3 (seq=6)
Sent HEARTBEAT for Device 4 (seq=6)
Sent HEARTBEAT for Device 5 (seq=6)
Sent HEARTBEAT for Device 6 (seq=6)
Sent HEARTBEAT for Device 7 (seq=6)
Sent HEARTBEAT for Device 8 (seq=6)
Sent HEARTBEAT for Device 9 (seq=6)
Sent HEARTBEAT for Device 10 (seq=6)
Sent HEARTBEAT for Device 11 (seq=6)
Sent HEARTBEAT for Device 12 (seq=6)
Sent DATA seq=6, interval=5s, readings=['34.0', '34.1', '34.2', '34.3', '34.4', '34.5', '34.6', '34.7', '34.8', '34.9']
Sent DATA seq=6, interval=5s, readings=['44.0', '44.1', '44.2', '44.3', '44.4', '44.5', '44.6', '44.7', '44.8', '44.9']
Sent DATA seq=6, interval=5s, readings=['54.0', '54.1', '54.2', '54.3', '54.4', '54.5', '54.6', '54.7', '54.8', '54.9']
Sent DATA seq=6, interval=5s, readings=['14.0', '14.1', '14.2', '14.3', '14.4', '14.5', '14.6', '14.7', '14.8', '14.9']
Sent DATA seq=6, interval=5s, readings=['5.0', '5.1', '5.2', '5.3', '5.4', '5.5', '5.6', '5.7', '5.8', '5.9']
Sent DATA seq=6, interval=5s, readings=['104.0', '104.1', '104.2', '104.3', '104.4', '104.5', '104.6', '104.7', '104.8', '104.9']
Sent DATA seq=6, interval=5s, readings=['9.0', '9.1', '9.2', '9.3', '9.4', '9.5', '9.6', '9.7', '9.8', '9.9']
Sent DATA seq=6, interval=5s, readings=['14.0', '14.1', '14.2', '14.3', '14.4', '14.5', '14.6', '14.7', '14.8', '14.9']
Sent DATA seq=6, interval=5s, readings=['204.0', '204.1', '204.2', '204.3', '204.4', '204.5', '204.6', '204.7', '204.8', '204.9']
Sent DATA seq=6, interval=5s, readings=['1004.0', '1004.1', '1004.2', '1004.3', '1004.4', '1004.5', '1004.6', '1004.7', '1004.8', '1005.0']
Sent DATA seq=6, interval=5s, readings=['54.0', '54.1', '54.2', '54.3', '54.4', '54.5', '54.6', '54.7', '54.8', '54.9']
Sent DATA seq=7, interval=5s, readings=['25.0', '25.1', '25.2', '25.3', '25.4', '25.5', '25.6', '25.7', '25.8', '25.9']
Sent DATA seq=7, interval=5s, readings=['35.0', '35.1', '35.2', '35.3', '35.4', '35.5', '35.6', '35.7', '35.8', '35.9']
Sent DATA seq=7, interval=5s, readings=['45.0', '45.1', '45.2', '45.3', '45.4', '45.5', '45.6', '45.7', '45.8', '45.9']
Sent DATA seq=7, interval=5s, readings=['55.0', '55.1', '55.2', '55.3', '55.4', '55.5', '55.6', '55.7', '55.8', '55.9']
Sent DATA seq=7, interval=5s, readings=['15.0', '15.1', '15.2', '15.3', '15.4', '15.5', '15.6', '15.7', '15.8', '15.9']
Sent DATA seq=7, interval=5s, readings=['6.0', '6.1', '6.2', '6.3', '6.4', '6.5', '6.6', '6.7', '6.8', '6.9']
Sent DATA seq=7, interval=5s, readings=['105.0', '105.1', '105.2', '105.3', '105.4', '105.5', '105.6', '105.7', '105.8', '105.9']
Sent DATA seq=7, interval=5s, readings=['10.0', '10.1', '10.2', '10.3', '10.4', '10.5', '10.6', '10.7', '10.8', '10.9']
Sent DATA seq=7, interval=5s, readings=['15.0', '15.1', '15.2', '15.3', '15.4', '15.5', '15.6', '15.7', '15.8', '15.9']
Sent DATA seq=7, interval=5s, readings=['205.0', '205.1', '205.2', '205.3', '205.4', '205.5', '205.6', '205.7', '205.8', '205.9']
Sent DATA seq=7, interval=5s, readings=['1005.1', '1005.2', '1005.3', '1005.4', '1005.7', '1005.8', '1005.9', '1006.0', '1006.1', '1006.2']
Sent DATA seq=7, interval=5s, readings=['55.0', '55.1', '55.2', '55.3', '55.4', '55.5', '55.6', '55.7', '55.8', '55.9']
Sent DATA seq=8, interval=5s, readings=['26.0', '26.1', '26.2', '26.3', '26.8', '26.9', '27.0', '27.1', '27.2', '27.3']
Sent HEARTBEAT for Device 1 (seq=9)
Sent HEARTBEAT for Device 2 (seq=8)
Sent HEARTBEAT for Device 3 (seq=8)
Sent HEARTBEAT for Device 4 (seq=8)
Sent HEARTBEAT for Device 5 (seq=8)
Sent HEARTBEAT for Device 6 (seq=8)
Sent HEARTBEAT for Device 7 (seq=8)
Sent HEARTBEAT for Device 8 (seq=8)
Sent HEARTBEAT for Device 9 (seq=8)
Sent HEARTBEAT for Device 10 (seq=8)
Sent HEARTBEAT for Device 11 (seq=8)
Sent HEARTBEAT for Device 12 (seq=8)
Sent DATA seq=8, interval=5s, readings=['36.0', '36.1', '36.2', '36.3', '36.4', '36.5', '36.6', '36.7', '36.8', '36.9']
Sent DATA seq=8, interval=5s, readings=['46.0', '46.1', '46.2', '46.3', '46.4', '46.5', '46.6', '46.7', '46.8', '46.9']
Sent DATA seq=8, interval=5s, readings=['56.0', '56.1', '56.2', '56.3', '56.4', '56.5', '56.6', '56.7', '56.8', '56.9']
Sent DATA seq=8, interval=5s, readings=['16.0', '16.1', '16.2', '16.3', '16.4', '16.5', '16.6', '16.7', '16.8', '16.9']
Sent DATA seq=8, interval=5s, readings=['7.0', '7.1', '7.2', '7.3', '7.4', '7.5', '7.6', '7.7', '7.8', '7.9']
Sent DATA seq=8, interval=5s, readings=['106.0', '106.1', '106.2', '106.3', '106.4', '106.5', '106.6', '106.7', '106.8', '106.9']
Sent DATA seq=8, interval=5s, readings=['11.0', '11.1', '11.2', '11.3', '11.4', '11.5', '11.6', '11.7', '11.8', '11.9']
Sent DATA seq=8, interval=5s, readings=['16.0', '16.1', '16.2', '16.3', '16.4', '16.5', '16.6', '16.7', '16.8', '16.9']
Sent DATA seq=8, interval=5s, readings=['206.0', '206.1', '206.2', '206.3', '206.4', '206.5', '206.6', '206.7', '206.8', '206.9']
Sent DATA seq=8, interval=5s, readings=['1006.3', '1006.4', '1006.5', '1006.6', '1006.7', '1006.8', '1006.9', '1007.0', '1007.1', '1007.2']
Sent DATA seq=8, interval=5s, readings=['56.0', '56.1', '56.2', '56.3', '56.4', '56.5', '56.6', '56.7', '56.1', '57.2']
Sent DATA seq=9, interval=5s, readings=['27.4', '27.5', '27.6', '27.7', '27.8', '27.9']
Sent DATA seq=9, interval=5s, readings=['37.0', '37.1', '37.2', '37.3', '37.4', '37.5', '37.6', '37.7', '37.8', '37.9']
Sent DATA seq=9, interval=5s, readings=['47.0', '47.1', '47.2', '47.3', '47.4', '47.5', '47.6', '47.7', '47.8', '47.9']
Sent DATA seq=9, interval=5s, readings=['57.0', '57.1', '57.2', '57.3', '57.4', '57.5', '57.6', '57.7', '57.8', '57.9']
Sent DATA seq=9, interval=5s, readings=['17.0', '17.1', '17.2', '17.3', '17.4', '17.5', '17.6', '17.7', '17.8', '17.9']
Sent DATA seq=9, interval=5s, readings=['8.0', '8.1', '8.2', '8.3', '8.4', '8.5']
Sent DATA seq=9, interval=5s, readings=['107.0', '107.1', '107.2', '107.3', '107.4', '107.5', '107.6', '107.7', '107.8', '107.9']
Sent DATA seq=9, interval=5s, readings=['12.0', '12.1', '12.2', '12.3', '12.4', '12.5', '12.6', '12.7', '12.8', '12.9']
Sent DATA seq=9, interval=5s, readings=['17.0', '17.1', '17.2', '17.3', '17.4', '17.5', '17.6', '17.7', '17.8', '17.9']
Sent DATA seq=9, interval=5s, readings=['207.0', '207.1', '207.2', '207.3', '207.4', '207.5', '207.6', '207.7', '207.8', '207.9']
Sent DATA seq=9, interval=5s, readings=['1007.3', '1007.4', '1007.5', '1007.6', '1007.7', '1007.8', '1007.9']
Sent DATA seq=9, interval=5s, readings=['57.3', '57.4', '57.5', '57.6', '57.7', '57.8', '57.9']
Sent HEARTBEAT for Device 1 (seq=10)
Sent HEARTBEAT for Device 2 (seq=10)
Sent HEARTBEAT for Device 3 (seq=10)
Sent HEARTBEAT for Device 4 (seq=10)
Sent HEARTBEAT for Device 5 (seq=10)
Sent HEARTBEAT for Device 6 (seq=10)
Sent HEARTBEAT for Device 7 (seq=10)
Sent HEARTBEAT for Device 8 (seq=10)
Sent HEARTBEAT for Device 9 (seq=10)
Sent HEARTBEAT for Device 10 (seq=10)
Sent HEARTBEAT for Device 11 (seq=10)
Sent HEARTBEAT for Device 12 (seq=10)
Test finished. Closing client...
Client finished.
